Using pre-set license
Built from '2020.2/release' branch; Version is '2020.2.1f1 (270dd8c3da1c) revision 2559448'; Using compiler version '192528614'; Build Type 'Release'
OS: 'Windows 10  (10.0.0) 64bit' Language: 'es' Physical Memory: 16298 MB
BatchMode: 1, IsHumanControllingUs: 0, StartBugReporterOnCrash: 0, Is64bit: 1, IsPro: 0

 COMMAND LINE ARGUMENTS:
C:\Program Files\Unity\Hub\Editor\2020.2.1f1\Editor\Unity.exe
-adb2
-batchMode
-noUpm
-name
AssetImportWorker0
-projectPath
C:/Users/mronc/Desktop/Curso/agrupacioncursosunity/Seccion3/Secci贸n 3 (Project Boost)
-logFile
Logs/AssetImportWorker0.log
-srvPort
53702
Successfully changed project path to: C:/Users/mronc/Desktop/Curso/agrupacioncursosunity/Seccion3/Secci贸n 3 (Project Boost)
C:/Users/mronc/Desktop/Curso/agrupacioncursosunity/Seccion3/Secci贸n 3 (Project Boost)
Using Asset Import Pipeline V2.
Refreshing native plugins compatible for Editor in 17.31 ms, found 0 plugins.
Preloading 0 native plugins for Editor in 0.00 ms.
Initialize engine version: 2020.2.1f1 (270dd8c3da1c)
[Subsystems] Discovering subsystems at path C:/Program Files/Unity/Hub/Editor/2020.2.1f1/Editor/Data/Resources/UnitySubsystems
[Subsystems] Discovering subsystems at path C:/Users/mronc/Desktop/Curso/agrupacioncursosunity/Seccion3/Secci贸n 3 (Project Boost)/Assets
GfxDevice: creating device client; threaded=0
Direct3D:
    Version:  Direct3D 11.0 [level 11.1]
    Renderer: AMD Radeon RX 5700 (ID=0x731f)
    Vendor:   
    VRAM:     8151 MB
    Driver:   27.20.22021.1002
Initialize mono
Mono path[0] = 'C:/Program Files/Unity/Hub/Editor/2020.2.1f1/Editor/Data/Managed'
Mono path[1] = 'C:/Program Files/Unity/Hub/Editor/2020.2.1f1/Editor/Data/MonoBleedingEdge/lib/mono/unityjit'
Mono config path = 'C:/Program Files/Unity/Hub/Editor/2020.2.1f1/Editor/Data/MonoBleedingEdge/etc'
Using monoOptions --debugger-agent=transport=dt_socket,embedding=1,server=y,suspend=n,address=127.0.0.1:56448
Begin MonoManager ReloadAssembly
Registering precompiled unity dll's ...
Register platform support module: C:/Program Files/Unity/Hub/Editor/2020.2.1f1/Editor/Data/PlaybackEngines/WebGLSupport/UnityEditor.WebGL.Extensions.dll
Register platform support module: C:/Program Files/Unity/Hub/Editor/2020.2.1f1/Editor/Data/PlaybackEngines/WindowsStandaloneSupport/UnityEditor.WindowsStandalone.Extensions.dll
Registered in 0.001682 seconds.
Native extension for WindowsStandalone target not found
Native extension for WebGL target not found
Refreshing native plugins compatible for Editor in 17.45 ms, found 0 plugins.
Preloading 0 native plugins for Editor in 0.00 ms.
Invoked RoslynAnalysisRunner static constructor.
RoslynAnalysisRunner will not be running.
RoslynAnalysisRunner has terminated.
Mono: successfully reloaded assembly
- Completed reload, in  1.530 seconds
Platform modules already initialized, skipping
Registering precompiled user dll's ...
Registered in 0.000495 seconds.
Begin MonoManager ReloadAssembly
Native extension for WindowsStandalone target not found
Native extension for WebGL target not found
Refreshing native plugins compatible for Editor in 0.17 ms, found 0 plugins.
Preloading 0 native plugins for Editor in 0.00 ms.
Invoked RoslynAnalysisRunner static constructor.
RoslynAnalysisRunner will not be running.
RoslynAnalysisRunner has terminated.
Mono: successfully reloaded assembly
- Completed reload, in  0.648 seconds
Platform modules already initialized, skipping
========================================================================
Worker process is ready to serve import requests
Launched and connected shader compiler UnityShaderCompiler.exe after 0.02 seconds
Refreshing native plugins compatible for Editor in 0.17 ms, found 0 plugins.
Preloading 0 native plugins for Editor in 0.00 ms.
Unloading 1094 Unused Serialized files (Serialized files now loaded: 0)
System memory in use before: 56.7 MB.
System memory in use after: 56.8 MB.

Unloading 10 unused Assets to reduce memory usage. Loaded Objects now: 1535.
Total: 1.421000 ms (FindLiveObjects: 0.115900 ms CreateObjectMapping: 0.034900 ms MarkObjects: 1.226600 ms  DeleteObjects: 0.042800 ms)

========================================================================
Received Import Request.
  path: Assets
  artifactKey: Guid(00000000000000001000000000000000) Importer(815301076,1909f56bfc062723c751e8b465ee728b)
Start importing Assets using Guid(00000000000000001000000000000000) Importer(815301076,1909f56bfc062723c751e8b465ee728b)  -> (artifact id: 'e1a2c4dac9df7c17871e19a3b74f0e9f') in 0.010889 seconds
  Import took 0.012313 seconds .

========================================================================
Received Import Request.
  Time since last request: 2.652663 seconds.
  path: Assets/Material
  artifactKey: Guid(ce83bf5dfdfdf2c41a2d567da5e5eeab) Importer(815301076,1909f56bfc062723c751e8b465ee728b)
Start importing Assets/Material using Guid(ce83bf5dfdfdf2c41a2d567da5e5eeab) Importer(815301076,1909f56bfc062723c751e8b465ee728b)  -> (artifact id: '45359e952a9752eb8e3572b4e32f2ab1') in 0.005612 seconds
  Import took 0.007107 seconds .

========================================================================
Received Import Request.
  Time since last request: 6.934181 seconds.
  path: Assets/Material/New Material.mat
  artifactKey: Guid(41f963d88fbb7064bba49d46b571dbfe) Importer(815301076,1909f56bfc062723c751e8b465ee728b)
Start importing Assets/Material/New Material.mat using Guid(41f963d88fbb7064bba49d46b571dbfe) Importer(815301076,1909f56bfc062723c751e8b465ee728b)  -> (artifact id: 'e2c8df800a9b9f1243c188cdb8450c67') in 0.094008 seconds
  Import took 0.095514 seconds .

========================================================================
Received Import Request.
  Time since last request: 146.073480 seconds.
  path: Assets/Material/Launch Pad.mat
  artifactKey: Guid(49c9c85a29cc3974a90516bb752370e9) Importer(815301076,1909f56bfc062723c751e8b465ee728b)
Start importing Assets/Material/Launch Pad.mat using Guid(49c9c85a29cc3974a90516bb752370e9) Importer(815301076,1909f56bfc062723c751e8b465ee728b)  -> (artifact id: '99a7a9b8920c07c3439b11daa2602523') in 0.011733 seconds
  Import took 0.013591 seconds .

========================================================================
Received Import Request.
  Time since last request: 38.741750 seconds.
  path: Assets/Scenes
  artifactKey: Guid(34c812bd6cd10b342adb7f04d773f59a) Importer(815301076,1909f56bfc062723c751e8b465ee728b)
Start importing Assets/Scenes using Guid(34c812bd6cd10b342adb7f04d773f59a) Importer(815301076,1909f56bfc062723c751e8b465ee728b)  -> (artifact id: '3e35ce819d5fcef31e8c362b654a2769') in 0.006476 seconds
  Import took 0.008131 seconds .

========================================================================
Received Import Request.
  Time since last request: 0.001206 seconds.
  path: Assets/Scenes
  artifactKey: Guid(34c812bd6cd10b342adb7f04d773f59a) Importer(815301076,1909f56bfc062723c751e8b465ee728b)
Start importing Assets/Scenes using Guid(34c812bd6cd10b342adb7f04d773f59a) Importer(815301076,1909f56bfc062723c751e8b465ee728b)  -> (artifact id: '3e35ce819d5fcef31e8c362b654a2769') in 0.001681 seconds
  Import took 0.003165 seconds .

========================================================================
Received Import Request.
  Time since last request: 12.750941 seconds.
  path: Assets/Prefabs
  artifactKey: Guid(360c863c8c8db964e9c5c979d928f9cd) Importer(815301076,1909f56bfc062723c751e8b465ee728b)
Start importing Assets/Prefabs using Guid(360c863c8c8db964e9c5c979d928f9cd) Importer(815301076,1909f56bfc062723c751e8b465ee728b)  -> (artifact id: 'e2c52873ea584cd9281f90b68f726af3') in 0.005899 seconds
  Import took 0.007598 seconds .

========================================================================
Received Import Request.
  Time since last request: 3.291451 seconds.
  path: Assets/Prefabs/Launch Pad.prefab
  artifactKey: Guid(a97941bf923d603478b80a3c38605726) Importer(815301076,1909f56bfc062723c751e8b465ee728b)
Start importing Assets/Prefabs/Launch Pad.prefab using Guid(a97941bf923d603478b80a3c38605726) Importer(815301076,1909f56bfc062723c751e8b465ee728b)  -> (artifact id: '4bf9a80470ed44688b23c39d4650ec98') in 0.018620 seconds
  Import took 0.020171 seconds .

========================================================================
Received Import Request.
  Time since last request: 0.008657 seconds.
  path: Assets/Prefabs/Launch Pad.prefab
  artifactKey: Guid(a97941bf923d603478b80a3c38605726) Importer(815301076,1909f56bfc062723c751e8b465ee728b)
Start importing Assets/Prefabs/Launch Pad.prefab using Guid(a97941bf923d603478b80a3c38605726) Importer(815301076,1909f56bfc062723c751e8b465ee728b)  -> (artifact id: '4bf9a80470ed44688b23c39d4650ec98') in 0.006773 seconds
  Import took 0.008575 seconds .

========================================================================
Received Import Request.
  Time since last request: 1.936370 seconds.
  path: Assets/Prefabs/Ground.prefab
  artifactKey: Guid(bf5049203b9436d49b10cb089cf0ed0f) Importer(815301076,1909f56bfc062723c751e8b465ee728b)
Start importing Assets/Prefabs/Ground.prefab using Guid(bf5049203b9436d49b10cb089cf0ed0f) Importer(815301076,1909f56bfc062723c751e8b465ee728b)  -> (artifact id: '571e845cd3f539682b0aa64aaee57b7d') in 0.009795 seconds
  Import took 0.011331 seconds .

========================================================================
Received Import Request.
  Time since last request: 0.008370 seconds.
  path: Assets/Prefabs/Ground.prefab
  artifactKey: Guid(bf5049203b9436d49b10cb089cf0ed0f) Importer(815301076,1909f56bfc062723c751e8b465ee728b)
Start importing Assets/Prefabs/Ground.prefab using Guid(bf5049203b9436d49b10cb089cf0ed0f) Importer(815301076,1909f56bfc062723c751e8b465ee728b)  -> (artifact id: '571e845cd3f539682b0aa64aaee57b7d') in 0.007118 seconds
  Import took 0.008621 seconds .

========================================================================
Received Import Request.
  Time since last request: 69.945835 seconds.
  path: Assets/Material/Landing Pad.mat
  artifactKey: Guid(c4394030103ab724e9853d1858ba72f2) Importer(815301076,1909f56bfc062723c751e8b465ee728b)
Start importing Assets/Material/Landing Pad.mat using Guid(c4394030103ab724e9853d1858ba72f2) Importer(815301076,1909f56bfc062723c751e8b465ee728b)  -> (artifact id: '14b658f203f418c6f142f6686b4622b8') in 0.009532 seconds
  Import took 0.011183 seconds .

========================================================================
Received Import Request.
  Time since last request: 171.563593 seconds.
  path: Assets/Material/Rocket.mat
  artifactKey: Guid(66f5c8cf9f759a940ac3358a9f1d62c0) Importer(815301076,1909f56bfc062723c751e8b465ee728b)
Start importing Assets/Material/Rocket.mat using Guid(66f5c8cf9f759a940ac3358a9f1d62c0) Importer(815301076,1909f56bfc062723c751e8b465ee728b)  -> (artifact id: 'cccbfb8be62ec29e325674e4dc51ff71') in 0.009965 seconds
  Import took 0.011486 seconds .

========================================================================
Received Import Request.
  Time since last request: 49.608605 seconds.
  path: Assets/Prefabs/Rocket.prefab
  artifactKey: Guid(733faed017f59de458d35468075b8aaf) Importer(815301076,1909f56bfc062723c751e8b465ee728b)
Start importing Assets/Prefabs/Rocket.prefab using Guid(733faed017f59de458d35468075b8aaf) Importer(815301076,1909f56bfc062723c751e8b465ee728b)  -> (artifact id: '5b6d5311d75ad92197ff9ccd51485d52') in 0.010566 seconds
  Import took 0.012198 seconds .

========================================================================
Received Import Request.
  Time since last request: 0.008002 seconds.
  path: Assets/Prefabs/Rocket.prefab
  artifactKey: Guid(733faed017f59de458d35468075b8aaf) Importer(815301076,1909f56bfc062723c751e8b465ee728b)
Start importing Assets/Prefabs/Rocket.prefab using Guid(733faed017f59de458d35468075b8aaf) Importer(815301076,1909f56bfc062723c751e8b465ee728b)  -> (artifact id: '5b6d5311d75ad92197ff9ccd51485d52') in 0.005544 seconds
  Import took 0.007114 seconds .

========================================================================
Received Import Request.
  Time since last request: 52.177214 seconds.
  path: Assets/Scenes/SampleScene.unity
  artifactKey: Guid(9fc0d4010bbf28b4594072e72b8655ab) Importer(815301076,1909f56bfc062723c751e8b465ee728b)
Start importing Assets/Scenes/SampleScene.unity using Guid(9fc0d4010bbf28b4594072e72b8655ab) Importer(815301076,1909f56bfc062723c751e8b465ee728b)  -> (artifact id: '016640421bf54ce873cbc7b610fdb87c') in 0.005375 seconds
  Import took 0.006898 seconds .

========================================================================
Received Import Request.
  Time since last request: 17.691765 seconds.
  path: Assets/Scenes/SandBox.unity
  artifactKey: Guid(9fc0d4010bbf28b4594072e72b8655ab) Importer(815301076,1909f56bfc062723c751e8b465ee728b)
Start importing Assets/Scenes/SandBox.unity using Guid(9fc0d4010bbf28b4594072e72b8655ab) Importer(815301076,1909f56bfc062723c751e8b465ee728b)  -> (artifact id: '81e44be6ed2ad3d6387ce00b8eae6292') in 0.005280 seconds
  Import took 0.006981 seconds .

========================================================================
Received Import Request.
  Time since last request: 67.491140 seconds.
  path: Assets/Material/Ground.mat
  artifactKey: Guid(41f963d88fbb7064bba49d46b571dbfe) Importer(815301076,1909f56bfc062723c751e8b465ee728b)
Start importing Assets/Material/Ground.mat using Guid(41f963d88fbb7064bba49d46b571dbfe) Importer(815301076,1909f56bfc062723c751e8b465ee728b)  -> (artifact id: 'daf7f9d565a5a5c9d1c02152b2b89616') in 0.013513 seconds
  Import took 0.015297 seconds .

========================================================================
Received Import Request.
  Time since last request: 0.000233 seconds.
  path: Assets/Material/Launch Pad.mat
  artifactKey: Guid(49c9c85a29cc3974a90516bb752370e9) Importer(815301076,1909f56bfc062723c751e8b465ee728b)
Start importing Assets/Material/Launch Pad.mat using Guid(49c9c85a29cc3974a90516bb752370e9) Importer(815301076,1909f56bfc062723c751e8b465ee728b)  -> (artifact id: 'b4afc72c8fd49de7ffc2c7205df59f56') in 0.009727 seconds
  Import took 0.011405 seconds .

========================================================================
Received Import Request.
  Time since last request: 0.000249 seconds.
  path: Assets/Material/Landing Pad.mat
  artifactKey: Guid(c4394030103ab724e9853d1858ba72f2) Importer(815301076,1909f56bfc062723c751e8b465ee728b)
Start importing Assets/Material/Landing Pad.mat using Guid(c4394030103ab724e9853d1858ba72f2) Importer(815301076,1909f56bfc062723c751e8b465ee728b)  -> (artifact id: '420b2ad8c000756fce7c7e9126250080') in 0.009731 seconds
  Import took 0.011252 seconds .

========================================================================
Received Import Request.
  Time since last request: 0.000247 seconds.
  path: Assets/Material/Rocket.mat
  artifactKey: Guid(66f5c8cf9f759a940ac3358a9f1d62c0) Importer(815301076,1909f56bfc062723c751e8b465ee728b)
Start importing Assets/Material/Rocket.mat using Guid(66f5c8cf9f759a940ac3358a9f1d62c0) Importer(815301076,1909f56bfc062723c751e8b465ee728b)  -> (artifact id: 'cd791d29758f6d7e04a978530b4b0706') in 0.008975 seconds
  Import took 0.010511 seconds .

========================================================================
Received Import Request.
  Time since last request: 0.002767 seconds.
  path: Assets/Material/Rocket.mat
  artifactKey: Guid(66f5c8cf9f759a940ac3358a9f1d62c0) Importer(815301076,1909f56bfc062723c751e8b465ee728b)
Start importing Assets/Material/Rocket.mat using Guid(66f5c8cf9f759a940ac3358a9f1d62c0) Importer(815301076,1909f56bfc062723c751e8b465ee728b)  -> (artifact id: 'cd791d29758f6d7e04a978530b4b0706') in 0.008765 seconds
  Import took 0.010348 seconds .

========================================================================
Received Import Request.
  Time since last request: 74.109410 seconds.
  path: Assets/Scripts
  artifactKey: Guid(66788307326d7024fab8ad65d03ab323) Importer(815301076,1909f56bfc062723c751e8b465ee728b)
Start importing Assets/Scripts using Guid(66788307326d7024fab8ad65d03ab323) Importer(815301076,1909f56bfc062723c751e8b465ee728b)  -> (artifact id: '81c7d619a1c293510bfba6bd4e3f4c23') in 0.005534 seconds
  Import took 0.007260 seconds .

========================================================================
Received Import Request.
  Time since last request: 9.401398 seconds.
  path: Assets/Scripts/Movement.cs
  artifactKey: Guid(31ee40cebb6199b48b8b6879993df116) Importer(815301076,1909f56bfc062723c751e8b465ee728b)
Start importing Assets/Scripts/Movement.cs using Guid(31ee40cebb6199b48b8b6879993df116) Importer(815301076,1909f56bfc062723c751e8b465ee728b)  -> (artifact id: 'aabb933955d4b20fa14285d830ff4d5a') in 0.016759 seconds
  Import took 0.018284 seconds .

========================================================================
Received Import Request.
  Time since last request: 0.001080 seconds.
  path: Assets/Scripts/Movement.cs
  artifactKey: Guid(31ee40cebb6199b48b8b6879993df116) Importer(815301076,1909f56bfc062723c751e8b465ee728b)
Start importing Assets/Scripts/Movement.cs using Guid(31ee40cebb6199b48b8b6879993df116) Importer(815301076,1909f56bfc062723c751e8b465ee728b)  -> (artifact id: 'aabb933955d4b20fa14285d830ff4d5a') in 0.001934 seconds
  Import took 0.003717 seconds .

========================================================================
Received Prepare
Registering precompiled user dll's ...
Registered in 0.000460 seconds.
Begin MonoManager ReloadAssembly
Native extension for WindowsStandalone target not found
Native extension for WebGL target not found
Refreshing native plugins compatible for Editor in 0.19 ms, found 0 plugins.
Preloading 0 native plugins for Editor in 0.00 ms.
Invoked RoslynAnalysisRunner static constructor.
RoslynAnalysisRunner will not be running.
RoslynAnalysisRunner has terminated.
Mono: successfully reloaded assembly
- Completed reload, in  0.598 seconds
Platform modules already initialized, skipping
Refreshing native plugins compatible for Editor in 0.17 ms, found 0 plugins.
Preloading 0 native plugins for Editor in 0.00 ms.
Unloading 1090 Unused Serialized files (Serialized files now loaded: 0)
System memory in use before: 60.2 MB.
System memory in use after: 60.2 MB.

Unloading 5 unused Assets to reduce memory usage. Loaded Objects now: 1579.
Total: 1.328500 ms (FindLiveObjects: 0.126100 ms CreateObjectMapping: 0.029600 ms MarkObjects: 1.139300 ms  DeleteObjects: 0.032600 ms)

========================================================================
Received Prepare
Registering precompiled user dll's ...
Registered in 0.000494 seconds.
Begin MonoManager ReloadAssembly
Native extension for WindowsStandalone target not found
Native extension for WebGL target not found
Refreshing native plugins compatible for Editor in 0.17 ms, found 0 plugins.
Preloading 0 native plugins for Editor in 0.00 ms.
Invoked RoslynAnalysisRunner static constructor.
RoslynAnalysisRunner will not be running.
RoslynAnalysisRunner has terminated.
Mono: successfully reloaded assembly
- Completed reload, in  0.591 seconds
Platform modules already initialized, skipping
Refreshing native plugins compatible for Editor in 0.17 ms, found 0 plugins.
Preloading 0 native plugins for Editor in 0.00 ms.
Unloading 1089 Unused Serialized files (Serialized files now loaded: 0)
System memory in use before: 60.3 MB.
System memory in use after: 60.4 MB.

Unloading 6 unused Assets to reduce memory usage. Loaded Objects now: 1580.
Total: 1.474100 ms (FindLiveObjects: 0.188300 ms CreateObjectMapping: 0.049500 ms MarkObjects: 1.193700 ms  DeleteObjects: 0.041100 ms)

========================================================================
Received Prepare
Registering precompiled user dll's ...
Registered in 0.000404 seconds.
Begin MonoManager ReloadAssembly
Native extension for WindowsStandalone target not found
Native extension for WebGL target not found
Refreshing native plugins compatible for Editor in 0.21 ms, found 0 plugins.
Preloading 0 native plugins for Editor in 0.00 ms.
Invoked RoslynAnalysisRunner static constructor.
RoslynAnalysisRunner will not be running.
RoslynAnalysisRunner has terminated.
Mono: successfully reloaded assembly
- Completed reload, in  0.595 seconds
Platform modules already initialized, skipping
Refreshing native plugins compatible for Editor in 0.17 ms, found 0 plugins.
Preloading 0 native plugins for Editor in 0.00 ms.
Unloading 1090 Unused Serialized files (Serialized files now loaded: 0)
System memory in use before: 60.5 MB.
System memory in use after: 60.5 MB.

Unloading 5 unused Assets to reduce memory usage. Loaded Objects now: 1583.
Total: 1.472100 ms (FindLiveObjects: 0.118300 ms CreateObjectMapping: 0.028900 ms MarkObjects: 1.290400 ms  DeleteObjects: 0.033300 ms)

AssetImportWorkerClient::OnTransportError - code=2 error=End of file
